<?xml version="1.0" encoding="UTF-8"?>
<testng-results skipped="0" failed="0" ignored="0" total="1" passed="1">
  <reporter-output>
  </reporter-output>
  <suite name="Default suite" duration-ms="12548" started-at="2021-01-25T11:18:35Z" finished-at="2021-01-25T11:18:47Z">
    <groups>
    </groups>
    <test name="Default test" duration-ms="12548" started-at="2021-01-25T11:18:35Z" finished-at="2021-01-25T11:18:47Z">
      <class name="testcases.TC001">
        <test-method status="PASS" signature="testcase1()[pri:0, instance:testcases.TC001@4cc0edeb]" name="testcase1" duration-ms="12512" started-at="2021-01-25T11:18:35Z" finished-at="2021-01-25T11:18:47Z">
          <reporter-output>
          </reporter-output>
        </test-method> <!-- testcase1 -->
      </class> <!-- testcases.TC001 -->
    </test> <!-- Default test -->
  </suite> <!-- Default suite -->
</testng-results>
